Using pre-set license
Built from '2021.3/staging' branch; Version is '2021.3.3f1 (af2e63e8f9bd) revision 11480675'; Using compiler version '192829333'; Build Type 'Release'
OS: 'Windows 11  (10.0.22621) 64bit CoreSingleLanguage' Language: 'en' Physical Memory: 32688 MB
BatchMode: 1, IsHumanControllingUs: 0, StartBugReporterOnCrash: 0, Is64bit: 1, IsPro: 1

COMMAND LINE ARGUMENTS:
D:\Unity\2021.3.3f1\Editor\Unity.exe
-adb2
-batchMode
-noUpm
-name
AssetImportWorker2
-projectPath
F:/VR/Project
-logFile
Logs/AssetImportWorker2.log
-srvPort
63909
Successfully changed project path to: F:/VR/Project
F:/VR/Project
[UnityMemory] Configuration Parameters - Can be set up in boot.config
    "memorysetup-bucket-allocator-granularity=16"
    "memorysetup-bucket-allocator-bucket-count=8"
    "memorysetup-bucket-allocator-block-size=33554432"
    "memorysetup-bucket-allocator-block-count=8"
    "memorysetup-main-allocator-block-size=16777216"
    "memorysetup-thread-allocator-block-size=16777216"
    "memorysetup-gfx-main-allocator-block-size=16777216"
    "memorysetup-gfx-thread-allocator-block-size=16777216"
    "memorysetup-cache-allocator-block-size=4194304"
    "memorysetup-typetree-allocator-block-size=2097152"
    "memorysetup-profiler-bucket-allocator-granularity=16"
    "memorysetup-profiler-bucket-allocator-bucket-count=8"
    "memorysetup-profiler-bucket-allocator-block-size=33554432"
    "memorysetup-profiler-bucket-allocator-block-count=8"
    "memorysetup-profiler-allocator-block-size=16777216"
    "memorysetup-profiler-editor-allocator-block-size=1048576"
    "memorysetup-temp-allocator-size-main=16777216"
    "memorysetup-job-temp-allocator-block-size=2097152"
    "memorysetup-job-temp-allocator-block-size-background=1048576"
    "memorysetup-job-temp-allocator-reduction-small-platforms=262144"
    "memorysetup-temp-allocator-size-background-worker=32768"
    "memorysetup-temp-allocator-size-job-worker=262144"
    "memorysetup-temp-allocator-size-preload-manager=33554432"
    "memorysetup-temp-allocator-size-nav-mesh-worker=65536"
    "memorysetup-temp-allocator-size-audio-worker=65536"
    "memorysetup-temp-allocator-size-cloud-worker=32768"
    "memorysetup-temp-allocator-size-gi-baking-worker=262144"
    "memorysetup-temp-allocator-size-gfx=262144"
Refreshing native plugins compatible for Editor in 135.48 ms, found 8 plugins.
Preloading 1 native plugins for Editor in 0.66 ms.
Initialize engine version: 2021.3.3f1 (af2e63e8f9bd)
[Subsystems] Discovering subsystems at path D:/Unity/2021.3.3f1/Editor/Data/Resources/UnitySubsystems
[Subsystems] Discovering subsystems at path F:/VR/Project/Assets
GfxDevice: creating device client; threaded=0; jobified=0
Direct3D:
    Version:  Direct3D 11.0 [level 11.1]
    Renderer: NVIDIA GeForce GTX 1080 (ID=0x1b80)
    Vendor:   NVIDIA
    VRAM:     8073 MB
    Driver:   31.0.15.2756
Shader 'Oculus/OVRMRCameraFrameLit': fallback shader 'Alpha-Diffuse' not found
Initialize mono
Mono path[0] = 'D:/Unity/2021.3.3f1/Editor/Data/Managed'
Mono path[1] = 'D:/Unity/2021.3.3f1/Editor/Data/MonoBleedingEdge/lib/mono/unityjit-win32'
Mono config path = 'D:/Unity/2021.3.3f1/Editor/Data/MonoBleedingEdge/etc'
Using monoOptions --debugger-agent=transport=dt_socket,embedding=1,server=y,suspend=n,address=127.0.0.1:56296
Begin MonoManager ReloadAssembly
Registering precompiled unity dll's ...
Register platform support module: D:/Unity/2021.3.3f1/Editor/Data/PlaybackEngines/AndroidPlayer/UnityEditor.Android.Extensions.dll
Register platform support module: D:/Unity/2021.3.3f1/Editor/Data/PlaybackEngines/WindowsStandaloneSupport/UnityEditor.WindowsStandalone.Extensions.dll
Registered in 0.001754 seconds.
Native extension for WindowsStandalone target not found
Native extension for Android target not found
Refreshing native plugins compatible for Editor in 129.19 ms, found 8 plugins.
Preloading 1 native plugins for Editor in 0.04 ms.
Mono: successfully reloaded assembly
- Completed reload, in  0.690 seconds
Domain Reload Profiling:
	ReloadAssembly (690ms)
		BeginReloadAssembly (62ms)
			ExecutionOrderSort (0ms)
			DisableScriptedObjects (0ms)
			BackupInstance (0ms)
			ReleaseScriptingObjects (0ms)
			CreateAndSetChildDomain (1ms)
		EndReloadAssembly (528ms)
			LoadAssemblies (61ms)
			RebuildTransferFunctionScriptingTraits (0ms)
			SetupTypeCache (106ms)
			ReleaseScriptCaches (0ms)
			RebuildScriptCaches (27ms)
			SetupLoadedEditorAssemblies (347ms)
				LogAssemblyErrors (0ms)
				InitializePlatformSupportModulesInManaged (50ms)
				SetLoadedEditorAssemblies (0ms)
				RefreshPlugins (130ms)
				BeforeProcessingInitializeOnLoad (3ms)
				ProcessInitializeOnLoadAttributes (118ms)
				ProcessInitializeOnLoadMethodAttributes (46ms)
				AfterProcessingInitializeOnLoad (0ms)
				EditorAssembliesLoaded (0ms)
			ExecutionOrderSort2 (0ms)
			AwakeInstancesAfterBackupRestoration (0ms)
Platform modules already initialized, skipping
Registering precompiled user dll's ...
Registered in 0.006017 seconds.
Begin MonoManager ReloadAssembly
Symbol file LoadedFromMemory doesn't match image F:\VR\Project\Library\PackageCache\com.unity.visualscripting@1.7.6\Editor\VisualScripting.Core\Dependencies\DotNetZip\Unity.VisualScripting.IonicZip.dll
Symbol file LoadedFromMemory doesn't match image F:\VR\Project\Library\PackageCache\com.unity.visualscripting@1.7.6\Editor\VisualScripting.Core\Dependencies\YamlDotNet\Unity.VisualScripting.YamlDotNet.dll
Native extension for WindowsStandalone target not found
Native extension for Android target not found
Refreshing native plugins compatible for Editor in 133.70 ms, found 8 plugins.
Preloading 1 native plugins for Editor in 0.04 ms.
Package Manager log level set to [2]
[XR] OculusXRPlugin: registering subsystems
[XR] Unable to register display lifecyle provider: [1]
[XR] Oculus Input lifecycle provider registered.
[XR] Unable to register input lifecyle provider: [1]
[XR] OVRP version 1.70.0
Mono: successfully reloaded assembly
- Completed reload, in  1.540 seconds
Domain Reload Profiling:
	ReloadAssembly (1541ms)
		BeginReloadAssembly (204ms)
			ExecutionOrderSort (0ms)
			DisableScriptedObjects (6ms)
			BackupInstance (0ms)
			ReleaseScriptingObjects (0ms)
			CreateAndSetChildDomain (127ms)
		EndReloadAssembly (1239ms)
			LoadAssemblies (77ms)
			RebuildTransferFunctionScriptingTraits (0ms)
			SetupTypeCache (289ms)
			ReleaseScriptCaches (1ms)
			RebuildScriptCaches (83ms)
			SetupLoadedEditorAssemblies (680ms)
				LogAssemblyErrors (0ms)
				InitializePlatformSupportModulesInManaged (10ms)
				SetLoadedEditorAssemblies (0ms)
				RefreshPlugins (216ms)
				BeforeProcessingInitializeOnLoad (111ms)
				ProcessInitializeOnLoadAttributes (311ms)
				ProcessInitializeOnLoadMethodAttributes (29ms)
				AfterProcessingInitializeOnLoad (2ms)
				EditorAssembliesLoaded (0ms)
			ExecutionOrderSort2 (0ms)
			AwakeInstancesAfterBackupRestoration (6ms)
Platform modules already initialized, skipping
========================================================================
Worker process is ready to serve import requests
Shader 'Oculus/OVRMRCameraFrameLit': fallback shader 'Alpha-Diffuse' not found
Launched and connected shader compiler UnityShaderCompiler.exe after 0.04 seconds
Refreshing native plugins compatible for Editor in 2.37 ms, found 8 plugins.
Preloading 1 native plugins for Editor in 0.05 ms.
Unloading 5761 Unused Serialized files (Serialized files now loaded: 0)
Unloading 63 unused Assets / (119.5 KB). Loaded Objects now: 6228.
Memory consumption went from 247.7 MB to 247.6 MB.
Total: 4.004100 ms (FindLiveObjects: 0.432000 ms CreateObjectMapping: 0.356900 ms MarkObjects: 3.098800 ms  DeleteObjects: 0.115600 ms)

AssetImportParameters requested are different than current active one (requested -> active):
  custom:video-decoder-ogg-theora: a1e56fd34408186e4bbccfd4996cb3dc -> 
  custom:container-muxer-webm: aa71ff27fc2769a1b78a27578f13a17b -> 
  custom:container-demuxer-webm: 4f35f7cbe854078d1ac9338744f61a02 -> 
  custom:video-encoder-webm-vp8: eb34c28f22e8b96e1ab97ce403110664 -> 
  custom:video-codec-MediaFoundation-h265: 746d11721c4dcdbdad8f713fa42b33f4 -> 
  custom:audio-encoder-webm-vorbis: bf7c407c2cedff20999df2af8eb42d56 -> 
  custom:framework-win-MediaFoundation: 216162199b28c13a410421893ffa2e32 -> 
  custom:container-demuxer-ogg: 62fdf1f143b41e24485cea50d1cbac27 -> 
  custom:video-decoder-webm-vp8: 9c59270c3fd7afecdb556c50c9e8de78 -> 
  custom:audio-decoder-ogg-vorbis: bf7c407c2cedff20999df2af8eb42d56 -> 
========================================================================
Received Import Request.
  Time since last request: 170771.527944 seconds.
  path: Assets/Oculus/SampleFramework/Usage/SharedAssets/Materials/ToyCubeMat.mat
  artifactKey: Guid(b63c152e975e0be45929851911662d79) Importer(815301076,1909f56bfc062723c751e8b465ee728b)
Start importing Assets/Oculus/SampleFramework/Usage/SharedAssets/Materials/ToyCubeMat.mat using Guid(b63c152e975e0be45929851911662d79) Importer(815301076,1909f56bfc062723c751e8b465ee728b)  -> (artifact id: 'cd7728a5db7e96205195d5f3e1049d13') in 0.452616 seconds 
========================================================================
Received Import Request.
  Time since last request: 0.000022 seconds.
  path: Assets/Oculus/SampleFramework/Usage/SharedAssets/Materials/ToyBallMat.mat
  artifactKey: Guid(b0b0cd8f767a3f34384866cbf226b83b) Importer(815301076,1909f56bfc062723c751e8b465ee728b)
Start importing Assets/Oculus/SampleFramework/Usage/SharedAssets/Materials/ToyBallMat.mat using Guid(b0b0cd8f767a3f34384866cbf226b83b) Importer(815301076,1909f56bfc062723c751e8b465ee728b)  -> (artifact id: '6017170c7d10cea3bc12424820bccf39') in 0.267693 seconds 
========================================================================
Received Import Request.
  Time since last request: 0.000037 seconds.
  path: Assets/Oculus/SampleFramework/Core/TouchControllers/Models/touch_controller_MAT.mat
  artifactKey: Guid(d8a202bc350b09c4e808ea37c6929755) Importer(815301076,1909f56bfc062723c751e8b465ee728b)
Start importing Assets/Oculus/SampleFramework/Core/TouchControllers/Models/touch_controller_MAT.mat using Guid(d8a202bc350b09c4e808ea37c6929755) Importer(815301076,1909f56bfc062723c751e8b465ee728b)  -> (artifact id: '7f9362081026df254b9cf8ef5622e9b1') in 0.609962 seconds 
========================================================================
Received Import Request.
  Time since last request: 3.126980 seconds.
  path: Assets/Oculus/SampleFramework/Usage/OVROverlay/Materials/Tile_Mat_Henry.mat
  artifactKey: Guid(e4486e58dde90df498b2efdcf4292917) Importer(815301076,1909f56bfc062723c751e8b465ee728b)
Start importing Assets/Oculus/SampleFramework/Usage/OVROverlay/Materials/Tile_Mat_Henry.mat using Guid(e4486e58dde90df498b2efdcf4292917) Importer(815301076,1909f56bfc062723c751e8b465ee728b)  -> (artifact id: '8c8eeca609849ecdb0854d7809cc6a3a') in 0.456813 seconds 
========================================================================
Received Import Request.
  Time since last request: 0.035605 seconds.
  path: Assets/Oculus/SampleFramework/Usage/OVROverlay/Materials/Tile_Mat_360Photo.mat
  artifactKey: Guid(8388a76b6d38060498be3f057adc62fb) Importer(815301076,1909f56bfc062723c751e8b465ee728b)
Start importing Assets/Oculus/SampleFramework/Usage/OVROverlay/Materials/Tile_Mat_360Photo.mat using Guid(8388a76b6d38060498be3f057adc62fb) Importer(815301076,1909f56bfc062723c751e8b465ee728b)  -> (artifact id: 'ed62089f05a50049d5110645bfd0f4db') in 0.347174 seconds 
========================================================================
Received Import Request.
  Time since last request: 0.000022 seconds.
  path: Assets/Oculus/SampleFramework/Usage/OVROverlay/Materials/Tile_Mat_BackgroundHighlight.mat
  artifactKey: Guid(081039a448bec6e48827af5f9b606f83) Importer(815301076,1909f56bfc062723c751e8b465ee728b)
Start importing Assets/Oculus/SampleFramework/Usage/OVROverlay/Materials/Tile_Mat_BackgroundHighlight.mat using Guid(081039a448bec6e48827af5f9b606f83) Importer(815301076,1909f56bfc062723c751e8b465ee728b)  -> (artifact id: 'e0f98f015384186b13d44e4906f8a160') in 0.184203 seconds 
========================================================================
Received Import Request.
  Time since last request: 0.000027 seconds.
  path: Assets/Oculus/SampleFramework/Usage/OVROverlay/Materials/Tile_Mat_Farlands.mat
  artifactKey: Guid(b2e6fa7c3e83eee489247ced515747cf) Importer(815301076,1909f56bfc062723c751e8b465ee728b)
Start importing Assets/Oculus/SampleFramework/Usage/OVROverlay/Materials/Tile_Mat_Farlands.mat using Guid(b2e6fa7c3e83eee489247ced515747cf) Importer(815301076,1909f56bfc062723c751e8b465ee728b)  -> (artifact id: '12681faaa25115940f29f064210bfa3a') in 0.412771 seconds 
========================================================================
Received Import Request.
  Time since last request: 0.270785 seconds.
  path: Assets/Oculus/Interaction/Samples/Objects/Environment/Room/Models/SmallRoom.fbx
  artifactKey: Guid(78906942dba6db24ca155679a45f60ef) Importer(815301076,1909f56bfc062723c751e8b465ee728b)
Start importing Assets/Oculus/Interaction/Samples/Objects/Environment/Room/Models/SmallRoom.fbx using Guid(78906942dba6db24ca155679a45f60ef) Importer(815301076,1909f56bfc062723c751e8b465ee728b)  -> (artifact id: '571f5eb8f8257f710e1555d2033ffa94') in 0.889142 seconds 
========================================================================
Received Import Request.
  Time since last request: 0.000023 seconds.
  path: Assets/Bio_Modules/Butterfly2/Butterfly2.Materials/Textured.asset
  artifactKey: Guid(f51b116d15afd754e9d35c214678d66e) Importer(815301076,1909f56bfc062723c751e8b465ee728b)
Start importing Assets/Bio_Modules/Butterfly2/Butterfly2.Materials/Textured.asset using Guid(f51b116d15afd754e9d35c214678d66e) Importer(815301076,1909f56bfc062723c751e8b465ee728b)  -> (artifact id: '085a000aba071ac336aec830e46b36df') in 0.708483 seconds 
========================================================================
Received Import Request.
  Time since last request: 0.000032 seconds.
  path: Assets/SkySeries Freebie/SunlessCirruscover.mat
  artifactKey: Guid(4e154bf235e41704bbd6bbc6fd6c63f6) Importer(815301076,1909f56bfc062723c751e8b465ee728b)
Start importing Assets/SkySeries Freebie/SunlessCirruscover.mat using Guid(4e154bf235e41704bbd6bbc6fd6c63f6) Importer(815301076,1909f56bfc062723c751e8b465ee728b)  -> (artifact id: 'defd54528a256d4b4e4a5d02c0e2588a') in 1.498160 seconds 
========================================================================
Received Import Request.
  Time since last request: 0.000027 seconds.
  path: Assets/Oculus/SampleFramework/Core/HandsInteraction/Materials/SystemGestureHandMaterial.mat
  artifactKey: Guid(6b3381fce337f7049a8972d9356bde5e) Importer(815301076,1909f56bfc062723c751e8b465ee728b)
Start importing Assets/Oculus/SampleFramework/Core/HandsInteraction/Materials/SystemGestureHandMaterial.mat using Guid(6b3381fce337f7049a8972d9356bde5e) Importer(815301076,1909f56bfc062723c751e8b465ee728b)  -> (artifact id: '2f47148d6871f24c5a4b4bd7028e698e') in 0.293085 seconds 
========================================================================
Received Import Request.
  Time since last request: 0.004056 seconds.
  path: Assets/Oculus/SampleFramework/Core/HandsInteraction/Materials/TargetMaterial.mat
  artifactKey: Guid(7c4fbc253f678a74f8135c524ac84bfe) Importer(815301076,1909f56bfc062723c751e8b465ee728b)
Start importing Assets/Oculus/SampleFramework/Core/HandsInteraction/Materials/TargetMaterial.mat using Guid(7c4fbc253f678a74f8135c524ac84bfe) Importer(815301076,1909f56bfc062723c751e8b465ee728b)  -> (artifact id: '44d8e13429c4974bc1cda7c9285db726') in 0.248848 seconds 
========================================================================
Received Import Request.
  Time since last request: 0.546011 seconds.
  path: Assets/Materials/StadiumMat/Stadium Modular/StadiumModular_Details.mat
  artifactKey: Guid(305aacddffbcd2f4a979fd3c0fa8d0ae) Importer(815301076,1909f56bfc062723c751e8b465ee728b)
Start importing Assets/Materials/StadiumMat/Stadium Modular/StadiumModular_Details.mat using Guid(305aacddffbcd2f4a979fd3c0fa8d0ae) Importer(815301076,1909f56bfc062723c751e8b465ee728b)  -> (artifact id: '25c064a7b659788013ddb16517ca6ea4') in 1.394373 seconds 
========================================================================
Received Import Request.
  Time since last request: 0.004347 seconds.
  path: Assets/Oculus/Interaction/Samples/Objects/Environment/Room/Materials/StencilSkydome.mat
  artifactKey: Guid(3da35d2d09b66e748b767a7d40cc12c1) Importer(815301076,1909f56bfc062723c751e8b465ee728b)
Start importing Assets/Oculus/Interaction/Samples/Objects/Environment/Room/Materials/StencilSkydome.mat using Guid(3da35d2d09b66e748b767a7d40cc12c1) Importer(815301076,1909f56bfc062723c751e8b465ee728b)  -> (artifact id: 'b357aea4095a7d0d202f1167e01a1e2e') in 0.390285 seconds 
========================================================================
Received Import Request.
  Time since last request: 3.947968 seconds.
  path: Assets/Oculus/Spatializer/scenes/materials/SpatializedObject2.mat
  artifactKey: Guid(f54ef0e328359c14b9005f8a48cbd66b) Importer(815301076,1909f56bfc062723c751e8b465ee728b)
Start importing Assets/Oculus/Spatializer/scenes/materials/SpatializedObject2.mat using Guid(f54ef0e328359c14b9005f8a48cbd66b) Importer(815301076,1909f56bfc062723c751e8b465ee728b)  -> (artifact id: 'd48cdb52fa3b1c46e148fb80bd3fca05') in 0.384699 seconds 
Editor requested this worker to shutdown with reason: Scaling down because of idle timeout
AssetImportWorker is now disconnected from the server
Process exiting
Exiting without the bug reporter. Application will terminate with return code 0